Determining if the pthread_create exist failed with the following output:
Change Dir: /c/Users/Will Htun/Desktop/Classes/CS130/WebServer/build/CMakeFiles/CMakeTmp

Run Build Command:"/usr/bin/make" "cmTC_ce5af/fast"
/usr/bin/make -f CMakeFiles/cmTC_ce5af.dir/build.make CMakeFiles/cmTC_ce5af.dir/build
make[1]: Entering directory '/c/Users/Will Htun/Desktop/Classes/CS130/WebServer/build/CMakeFiles/CMakeTmp'
Building C object CMakeFiles/cmTC_ce5af.dir/CheckSymbolExists.c.o
/usr/bin/cc    -o CMakeFiles/cmTC_ce5af.dir/CheckSymbolExists.c.o   -c "/c/Users/Will Htun/Desktop/Classes/CS130/WebServer/build/CMakeFiles/CMakeTmp/CheckSymbolExists.c"
Linking C executable cmTC_ce5af
/usr/bin/cmake -E cmake_link_script CMakeFiles/cmTC_ce5af.dir/link.txt --verbose=1
/usr/bin/cc      -rdynamic CMakeFiles/cmTC_ce5af.dir/CheckSymbolExists.c.o  -o cmTC_ce5af 
CMakeFiles/cmTC_ce5af.dir/CheckSymbolExists.c.o: In function `main':
CheckSymbolExists.c:(.text+0x1b): undefined reference to `pthread_create'
collect2: error: ld returned 1 exit status
CMakeFiles/cmTC_ce5af.dir/build.make:97: recipe for target 'cmTC_ce5af' failed
make[1]: *** [cmTC_ce5af] Error 1
make[1]: Leaving directory '/c/Users/Will Htun/Desktop/Classes/CS130/WebServer/build/CMakeFiles/CMakeTmp'
Makefile:126: recipe for target 'cmTC_ce5af/fast' failed
make: *** [cmTC_ce5af/fast] Error 2

File /c/Users/Will Htun/Desktop/Classes/CS130/WebServer/build/CMakeFiles/CMakeTmp/CheckSymbolExists.c:
/* */
#include <pthread.h>

int main(int argc, char** argv)
{
  (void)argv;
#ifndef pthread_create
  return ((int*)(&pthread_create))[argc];
#else
  (void)argc;
  return 0;
#endif
}

Determining if the function pthread_create exists in the pthreads failed with the following output:
Change Dir: /c/Users/Will Htun/Desktop/Classes/CS130/WebServer/build/CMakeFiles/CMakeTmp

Run Build Command:"/usr/bin/make" "cmTC_0d6e1/fast"
/usr/bin/make -f CMakeFiles/cmTC_0d6e1.dir/build.make CMakeFiles/cmTC_0d6e1.dir/build
make[1]: Entering directory '/c/Users/Will Htun/Desktop/Classes/CS130/WebServer/build/CMakeFiles/CMakeTmp'
Building C object CMakeFiles/cmTC_0d6e1.dir/CheckFunctionExists.c.o
/usr/bin/cc   -DCHECK_FUNCTION_EXISTS=pthread_create   -o CMakeFiles/cmTC_0d6e1.dir/CheckFunctionExists.c.o   -c /usr/share/cmake-3.10/Modules/CheckFunctionExists.c
Linking C executable cmTC_0d6e1
/usr/bin/cmake -E cmake_link_script CMakeFiles/cmTC_0d6e1.dir/link.txt --verbose=1
/usr/bin/cc  -DCHECK_FUNCTION_EXISTS=pthread_create    -rdynamic CMakeFiles/cmTC_0d6e1.dir/CheckFunctionExists.c.o  -o cmTC_0d6e1 -lpthreads 
/usr/bin/ld: cannot find -lpthreads
collect2: error: ld returned 1 exit status
CMakeFiles/cmTC_0d6e1.dir/build.make:97: recipe for target 'cmTC_0d6e1' failed
make[1]: *** [cmTC_0d6e1] Error 1
make[1]: Leaving directory '/c/Users/Will Htun/Desktop/Classes/CS130/WebServer/build/CMakeFiles/CMakeTmp'
Makefile:126: recipe for target 'cmTC_0d6e1/fast' failed
make: *** [cmTC_0d6e1/fast] Error 2


